(0000) 3000  0011000000000000 (  61)                 .ORIG x3000
(3000) 2640  0010011001000000 (  63)                 LD    R3 SIZE
(3001) E840  1110100001000000 (  64)                 LEA   R4 ARR
(3002) 2A3F  0010101000111111 (  65)                 LD    R5 ARR
(3003) 2C3E  0010110000111110 (  66)                 LD    R6 ARR
(3004) 5FE0  0101111111100000 (  67)                 AND   R7 R7 #0
(3005) 6F00  0110111100000000 (  70) LOOP            LDR   R7 R4 #0
(3006) 9FFF  1001111111111111 (  71)                 NOT   R7 R7
(3007) 1FE1  0001111111100001 (  72)                 ADD   R7 R7 #1
(3008) 1F47  0001111101000111 (  73)                 ADD   R7 R5 R7
(3009) 0C01  0000110000000001 (  74)                 BRNZ  IF
(300A) 6B00  0110101100000000 (  75)                 LDR   R5 R4 #0
(300B) 6F00  0110111100000000 (  80) IF              LDR   R7 R4 #0
(300C) 9FFF  1001111111111111 (  81)                 NOT   R7 R7
(300D) 1FE1  0001111111100001 (  82)                 ADD   R7 R7 #1
(300E) 1F87  0001111110000111 (  83)                 ADD   R7 R6 R7
(300F) 0601  0000011000000001 (  84)                 BRZP  ELSE
(3010) 6D00  0110110100000000 (  85)                 LDR   R6 R4 #0
(3011) 1921  0001100100100001 (  87) ELSE            ADD   R4 R4 #1
(3012) 16FF  0001011011111111 (  88)                 ADD   R3 R3 #-1
(3013) 03F1  0000001111110001 (  89)                 BRP   LOOP
(3014) E221  1110001000100001 (  93) DISPLAYSTRMIN   LEA   R1 MIN
(3015) 6040  0110000001000000 (  94) MINLOOP         LDR   R0 R1 #0
(3016) 0405  0000010000000101 (  95)                 BRZ   MINVAL
(3017) A426  1010010000100110 (  96) DISPLAY1        LDI   R2 DSR
(3018) 07FE  0000011111111110 (  97)                 BRZP  DISPLAY1
(3019) B025  1011000000100101 (  98)                 STI   R0 DDR
(301A) 1261  0001001001100001 (  99)                 ADD   R1 R1 #1
(301B) 0FF9  0000111111111001 ( 100)                 BRNZP MINLOOP
(301C) 2E23  0010111000100011 ( 103) MINVAL          LD    R7 ASCII
(301D) 11C5  0001000111000101 ( 104)                 ADD   R0 R7 R5
(301E) A41F  1010010000011111 ( 105) DISPLAY2        LDI   R2 DSR
(301F) 07FE  0000011111111110 ( 106)                 BRZP  DISPLAY2
(3020) B01E  1011000000011110 ( 107)                 STI   R0 DDR
(3021) E20D  1110001000001101 ( 110) DISPLAYSTRMAX   LEA   R1 MAX
(3022) 6040  0110000001000000 ( 111) MAXLOOP         LDR   R0 R1 #0
(3023) 0405  0000010000000101 ( 112)                 BRZ   MAXVAL
(3024) A419  1010010000011001 ( 113) DISPLAY3        LDI   R2 DSR
(3025) 07FE  0000011111111110 ( 114)                 BRZP  DISPLAY3
(3026) B018  1011000000011000 ( 115)                 STI   R0 DDR
(3027) 1261  0001001001100001 ( 116)                 ADD   R1 R1 #1
(3028) 0FF9  0000111111111001 ( 117)                 BRNZP MAXLOOP
(3029) 2E16  0010111000010110 ( 120) MAXVAL          LD    R7 ASCII
(302A) 11C6  0001000111000110 ( 121)                 ADD   R0 R7 R6
(302B) A412  1010010000010010 ( 122) DISPLAY4        LDI   R2 DSR
(302C) 07FE  0000011111111110 ( 123)                 BRZP  DISPLAY4
(302D) B011  1011000000010001 ( 124)                 STI   R0 DDR
(302E) F025  1111000000100101 ( 127)                 TRAP  x25
(302F) 004D  0000000001001101 ( 130) MAX             .FILL x004D
(3030) 0041  0000000001000001 ( 130)                 .FILL x0041
(3031) 0058  0000000001011000 ( 130)                 .FILL x0058
(3032) 0020  0000000000100000 ( 130)                 .FILL x0020
(3033) 003D  0000000000111101 ( 130)                 .FILL x003D
(3034) 0020  0000000000100000 ( 130)                 .FILL x0020
(3035) 0000  0000000000000000 ( 130)                 .FILL x0000
(3036) 0020  0000000000100000 ( 131) MIN             .FILL x0020
(3037) 004D  0000000001001101 ( 131)                 .FILL x004D
(3038) 0049  0000000001001001 ( 131)                 .FILL x0049
(3039) 004E  0000000001001110 ( 131)                 .FILL x004E
(303A) 0020  0000000000100000 ( 131)                 .FILL x0020
(303B) 003D  0000000000111101 ( 131)                 .FILL x003D
(303C) 0020  0000000000100000 ( 131)                 .FILL x0020
(303D) 0000  0000000000000000 ( 131)                 .FILL x0000
(303E) FE04  1111111000000100 ( 132) DSR             .FILL xFE04
(303F) FE06  1111111000000110 ( 133) DDR             .FILL xFE06
(3040) 0030  0000000000110000 ( 134) ASCII           .FILL x0030
(3041) 000A  0000000000001010 ( 137) SIZE            .FILL x000A
(3042) 0001  0000000000000001 ( 138) ARR             .FILL x0001
(3043) 0003  0000000000000011 ( 139)                 .FILL x0003
(3044) 0007  0000000000000111 ( 140)                 .FILL x0007
(3045) 0002  0000000000000010 ( 141)                 .FILL x0002
(3046) 0005  0000000000000101 ( 142)                 .FILL x0005
(3047) 0004  0000000000000100 ( 143)                 .FILL x0004
(3048) 0008  0000000000001000 ( 144)                 .FILL x0008
(3049) 0007  0000000000000111 ( 145)                 .FILL x0007
(304A) 0000  0000000000000000 ( 146)                 .FILL x0000
(304B) 0002  0000000000000010 ( 147)                 .FILL x0002
