(0000) 3000  0011000000000000 (   1)                 .ORIG x3000
(3000) 3E11  0011111000010001 (   2) MAIN            ST    R7 SaveR7
(3001) 4831  0100100000110001 (   3)                 JSR   SaveReg
(3002) 2410  0010010000010000 (   4)                 LD    R2 NewLine
(3003) 4823  0100100000100011 (   5)                 JSR   WriteChar
(3004) E20F  1110001000001111 (   6)                 LEA   R1 Prompt
(3005) 6440  0110010001000000 (   9) LOOP            LDR   R2 R1 #0
(3006) 0403  0000010000000011 (  10)                 BRZ   Input
(3007) 481F  0100100000011111 (  11)                 JSR   WriteChar
(3008) 1261  0001001001100001 (  12)                 ADD   R1 R1 #1
(3009) 0FFB  0000111111111011 (  13)                 BRNZP LOOP
(300A) 4822  0100100000100010 (  16) Input           JSR   ReadChar
(300B) 1420  0001010000100000 (  17)                 ADD   R2 R0 #0
(300C) 481A  0100100000011010 (  18)                 JSR   WriteChar
(300D) 2405  0010010000000101 (  20)                 LD    R2 NewLine
(300E) 4818  0100100000011000 (  21)                 JSR   WriteChar
(300F) 482A  0100100000101010 (  22)                 JSR   RestoreReg
(3010) 2E01  0010111000000001 (  23)                 LD    R7 SaveR7
(3011) C1C0  1100000111000000 (  24)                 RET   
(3012) 0000  0000000000000000 (  26) SaveR7          .FILL x0000
(3013) 000A  0000000000001010 (  27) NewLine         .FILL x000A
(3014) 0049  0000000001001001 (  28) Prompt          .FILL x0049
(3015) 006E  0000000001101110 (  28)                 .FILL x006E
(3016) 0070  0000000001110000 (  28)                 .FILL x0070
(3017) 0075  0000000001110101 (  28)                 .FILL x0075
(3018) 0074  0000000001110100 (  28)                 .FILL x0074
(3019) 0020  0000000000100000 (  28)                 .FILL x0020
(301A) 0061  0000000001100001 (  28)                 .FILL x0061
(301B) 0020  0000000000100000 (  28)                 .FILL x0020
(301C) 0063  0000000001100011 (  28)                 .FILL x0063
(301D) 0068  0000000001101000 (  28)                 .FILL x0068
(301E) 0061  0000000001100001 (  28)                 .FILL x0061
(301F) 0072  0000000001110010 (  28)                 .FILL x0072
(3020) 0061  0000000001100001 (  28)                 .FILL x0061
(3021) 0063  0000000001100011 (  28)                 .FILL x0063
(3022) 0074  0000000001110100 (  28)                 .FILL x0074
(3023) 0065  0000000001100101 (  28)                 .FILL x0065
(3024) 0072  0000000001110010 (  28)                 .FILL x0072
(3025) 003E  0000000000111110 (  28)                 .FILL x003E
(3026) 0000  0000000000000000 (  28)                 .FILL x0000
(3027) A603  1010011000000011 (  31) WriteChar       LDI   R3 DSR
(3028) 07FE  0000011111111110 (  32)                 BRZP  WriteChar
(3029) B402  1011010000000010 (  33)                 STI   R2 DDR
(302A) C1C0  1100000111000000 (  34)                 RET   
(302B) FE04  1111111000000100 (  35) DSR             .FILL xFE04
(302C) FE06  1111111000000110 (  36) DDR             .FILL xFE06
(302D) A603  1010011000000011 (  39) ReadChar        LDI   R3 KBSR
(302E) 07FE  0000011111111110 (  40)                 BRZP  ReadChar
(302F) A002  1010000000000010 (  41)                 LDI   R0 KBDR
(3030) C1C0  1100000111000000 (  42)                 RET   
(3031) FE00  1111111000000000 (  43) KBSR            .FILL xFE00
(3032) FE02  1111111000000010 (  44) KBDR            .FILL xFE02
(3033) 320D  0011001000001101 (  47) SaveReg         ST    R1 SaveR1
(3034) 340D  0011010000001101 (  48)                 ST    R2 SaveR2
(3035) 360D  0011011000001101 (  49)                 ST    R3 SaveR3
(3036) 380D  0011100000001101 (  50)                 ST    R4 SaveR4
(3037) 3A0D  0011101000001101 (  51)                 ST    R5 SaveR5
(3038) 3C0D  0011110000001101 (  52)                 ST    R6 SaveR6
(3039) C1C0  1100000111000000 (  53)                 RET   
(303A) 2206  0010001000000110 (  56) RestoreReg      LD    R1 SaveR1
(303B) 2406  0010010000000110 (  57)                 LD    R2 SaveR2
(303C) 2606  0010011000000110 (  58)                 LD    R3 SaveR3
(303D) 2806  0010100000000110 (  59)                 LD    R4 SaveR4
(303E) 2A06  0010101000000110 (  60)                 LD    R5 SaveR5
(303F) 2C06  0010110000000110 (  61)                 LD    R6 SaveR6
(3040) C1C0  1100000111000000 (  62)                 RET   
(3041) 0000  0000000000000000 (  66) SaveR1          .FILL x0000
(3042) 0000  0000000000000000 (  67) SaveR2          .FILL x0000
(3043) 0000  0000000000000000 (  68) SaveR3          .FILL x0000
(3044) 0000  0000000000000000 (  69) SaveR4          .FILL x0000
(3045) 0000  0000000000000000 (  70) SaveR5          .FILL x0000
(3046) 0000  0000000000000000 (  71) SaveR6          .FILL x0000
